Using pre-set license
Built from '2021.3/staging' branch; Version is '2021.3.8f1 (b30333d56e81) revision 11731763'; Using compiler version '192829333'; Build Type 'Release'
OS: 'Windows 11  (10.0.22000) 64bit CoreSingleLanguage' Language: 'en' Physical Memory: 16004 MB
BatchMode: 1, IsHumanControllingUs: 0, StartBugReporterOnCrash: 0, Is64bit: 1, IsPro: 1

COMMAND LINE ARGUMENTS:
C:\Program Files\Unity\Hub\Editor\2021.3.8f1\Editor\Unity.exe
-adb2
-batchMode
-noUpm
-name
AssetImportWorker2
-projectPath
D:/#Game Dev/Games Creation/RPG-Game
-logFile
Logs/AssetImportWorker2.log
-srvPort
60052
Successfully changed project path to: D:/#Game Dev/Games Creation/RPG-Game
D:/#Game Dev/Games Creation/RPG-Game
[UnityMemory] Configuration Parameters - Can be set up in boot.config
    "memorysetup-bucket-allocator-granularity=16"
    "memorysetup-bucket-allocator-bucket-count=8"
    "memorysetup-bucket-allocator-block-size=33554432"
    "memorysetup-bucket-allocator-block-count=8"
    "memorysetup-main-allocator-block-size=16777216"
    "memorysetup-thread-allocator-block-size=16777216"
    "memorysetup-gfx-main-allocator-block-size=16777216"
    "memorysetup-gfx-thread-allocator-block-size=16777216"
    "memorysetup-cache-allocator-block-size=4194304"
    "memorysetup-typetree-allocator-block-size=2097152"
    "memorysetup-profiler-bucket-allocator-granularity=16"
    "memorysetup-profiler-bucket-allocator-bucket-count=8"
    "memorysetup-profiler-bucket-allocator-block-size=33554432"
    "memorysetup-profiler-bucket-allocator-block-count=8"
    "memorysetup-profiler-allocator-block-size=16777216"
    "memorysetup-profiler-editor-allocator-block-size=1048576"
    "memorysetup-temp-allocator-size-main=16777216"
    "memorysetup-job-temp-allocator-block-size=2097152"
    "memorysetup-job-temp-allocator-block-size-background=1048576"
    "memorysetup-job-temp-allocator-reduction-small-platforms=262144"
    "memorysetup-temp-allocator-size-background-worker=32768"
    "memorysetup-temp-allocator-size-job-worker=262144"
    "memorysetup-temp-allocator-size-preload-manager=33554432"
    "memorysetup-temp-allocator-size-nav-mesh-worker=65536"
    "memorysetup-temp-allocator-size-audio-worker=65536"
    "memorysetup-temp-allocator-size-cloud-worker=32768"
    "memorysetup-temp-allocator-size-gi-baking-worker=262144"
    "memorysetup-temp-allocator-size-gfx=262144"
Refreshing native plugins compatible for Editor in 55.78 ms, found 3 plugins.
Preloading 0 native plugins for Editor in 0.00 ms.
Initialize engine version: 2021.3.8f1 (b30333d56e81)
[Subsystems] Discovering subsystems at path C:/Program Files/Unity/Hub/Editor/2021.3.8f1/Editor/Data/Resources/UnitySubsystems
[Subsystems] Discovering subsystems at path D:/#Game Dev/Games Creation/RPG-Game/Assets
GfxDevice: creating device client; threaded=0; jobified=0
Direct3D:
    Version:  Direct3D 11.0 [level 11.1]
    Renderer: NVIDIA GeForce RTX 3060 Laptop GPU (ID=0x2520)
    Vendor:   NVIDIA
    VRAM:     6023 MB
    Driver:   31.0.15.1694
Initialize mono
Mono path[0] = 'C:/Program Files/Unity/Hub/Editor/2021.3.8f1/Editor/Data/Managed'
Mono path[1] = 'C:/Program Files/Unity/Hub/Editor/2021.3.8f1/Editor/Data/MonoBleedingEdge/lib/mono/unityjit-win32'
Mono config path = 'C:/Program Files/Unity/Hub/Editor/2021.3.8f1/Editor/Data/MonoBleedingEdge/etc'
Using monoOptions --debugger-agent=transport=dt_socket,embedding=1,server=y,suspend=n,address=127.0.0.1:56988
Begin MonoManager ReloadAssembly
Registering precompiled unity dll's ...
Register platform support module: C:/Program Files/Unity/Hub/Editor/2021.3.8f1/Editor/Data/PlaybackEngines/WindowsStandaloneSupport/UnityEditor.WindowsStandalone.Extensions.dll
Registered in 0.002879 seconds.
Native extension for WindowsStandalone target not found
Refreshing native plugins compatible for Editor in 53.50 ms, found 3 plugins.
Preloading 0 native plugins for Editor in 0.00 ms.
Mono: successfully reloaded assembly
- Completed reload, in  0.431 seconds
Domain Reload Profiling:
	ReloadAssembly (432ms)
		BeginReloadAssembly (49ms)
			ExecutionOrderSort (0ms)
			DisableScriptedObjects (0ms)
			BackupInstance (0ms)
			ReleaseScriptingObjects (0ms)
			CreateAndSetChildDomain (1ms)
		EndReloadAssembly (311ms)
			LoadAssemblies (48ms)
			RebuildTransferFunctionScriptingTraits (0ms)
			SetupTypeCache (85ms)
			ReleaseScriptCaches (0ms)
			RebuildScriptCaches (19ms)
			SetupLoadedEditorAssemblies (174ms)
				LogAssemblyErrors (0ms)
				InitializePlatformSupportModulesInManaged (5ms)
				SetLoadedEditorAssemblies (0ms)
				RefreshPlugins (54ms)
				BeforeProcessingInitializeOnLoad (1ms)
				ProcessInitializeOnLoadAttributes (83ms)
				ProcessInitializeOnLoadMethodAttributes (31ms)
				AfterProcessingInitializeOnLoad (0ms)
				EditorAssembliesLoaded (0ms)
			ExecutionOrderSort2 (0ms)
			AwakeInstancesAfterBackupRestoration (0ms)
Platform modules already initialized, skipping
Registering precompiled user dll's ...
Registered in 0.002186 seconds.
Begin MonoManager ReloadAssembly
Symbol file LoadedFromMemory doesn't match image D:\#Game Dev\Games Creation\RPG-Game\Library\PackageCache\com.unity.visualscripting@1.7.8\Editor\VisualScripting.Core\Dependencies\YamlDotNet\Unity.VisualScripting.YamlDotNet.dll
Symbol file LoadedFromMemory doesn't match image D:\#Game Dev\Games Creation\RPG-Game\Library\PackageCache\com.unity.visualscripting@1.7.8\Editor\VisualScripting.Core\Dependencies\DotNetZip\Unity.VisualScripting.IonicZip.dll
Native extension for WindowsStandalone target not found
Refreshing native plugins compatible for Editor in 0.47 ms, found 3 plugins.
Preloading 0 native plugins for Editor in 0.00 ms.
Mono: successfully reloaded assembly
- Completed reload, in  0.698 seconds
Domain Reload Profiling:
	ReloadAssembly (699ms)
		BeginReloadAssembly (78ms)
			ExecutionOrderSort (0ms)
			DisableScriptedObjects (4ms)
			BackupInstance (0ms)
			ReleaseScriptingObjects (0ms)
			CreateAndSetChildDomain (14ms)
		EndReloadAssembly (538ms)
			LoadAssemblies (56ms)
			RebuildTransferFunctionScriptingTraits (0ms)
			SetupTypeCache (179ms)
			ReleaseScriptCaches (0ms)
			RebuildScriptCaches (32ms)
			SetupLoadedEditorAssemblies (245ms)
				LogAssemblyErrors (0ms)
				InitializePlatformSupportModulesInManaged (4ms)
				SetLoadedEditorAssemblies (0ms)
				RefreshPlugins (1ms)
				BeforeProcessingInitializeOnLoad (55ms)
				ProcessInitializeOnLoadAttributes (161ms)
				ProcessInitializeOnLoadMethodAttributes (20ms)
				AfterProcessingInitializeOnLoad (5ms)
				EditorAssembliesLoaded (0ms)
			ExecutionOrderSort2 (0ms)
			AwakeInstancesAfterBackupRestoration (4ms)
Platform modules already initialized, skipping
========================================================================
Worker process is ready to serve import requests
Launched and connected shader compiler UnityShaderCompiler.exe after 0.02 seconds
Refreshing native plugins compatible for Editor in 0.43 ms, found 3 plugins.
Preloading 0 native plugins for Editor in 0.00 ms.
Unloading 3378 Unused Serialized files (Serialized files now loaded: 0)
Unloading 27 unused Assets / (111.1 KB). Loaded Objects now: 3854.
Memory consumption went from 128.6 MB to 128.5 MB.
Total: 2.910600 ms (FindLiveObjects: 0.180000 ms CreateObjectMapping: 0.077400 ms MarkObjects: 2.547700 ms  DeleteObjects: 0.104900 ms)

AssetImportParameters requested are different than current active one (requested -> active):
  custom:video-decoder-ogg-theora: a1e56fd34408186e4bbccfd4996cb3dc -> 
  custom:container-muxer-webm: aa71ff27fc2769a1b78a27578f13a17b -> 
  custom:container-demuxer-webm: 4f35f7cbe854078d1ac9338744f61a02 -> 
  custom:video-encoder-webm-vp8: eb34c28f22e8b96e1ab97ce403110664 -> 
  custom:video-codec-MediaFoundation-h265: 746d11721c4dcdbdad8f713fa42b33f4 -> 
  custom:audio-encoder-webm-vorbis: bf7c407c2cedff20999df2af8eb42d56 -> 
  custom:framework-win-MediaFoundation: 216162199b28c13a410421893ffa2e32 -> 
  custom:container-demuxer-ogg: 62fdf1f143b41e24485cea50d1cbac27 -> 
  custom:video-decoder-webm-vp8: 9c59270c3fd7afecdb556c50c9e8de78 -> 
  custom:audio-decoder-ogg-vorbis: bf7c407c2cedff20999df2af8eb42d56 -> 
========================================================================
Received Prepare
Registering precompiled user dll's ...
Registered in 0.002078 seconds.
Begin MonoManager ReloadAssembly
Symbol file LoadedFromMemory doesn't match image D:\#Game Dev\Games Creation\RPG-Game\Library\PackageCache\com.unity.visualscripting@1.7.8\Editor\VisualScripting.Core\Dependencies\YamlDotNet\Unity.VisualScripting.YamlDotNet.dll
Symbol file LoadedFromMemory doesn't match image D:\#Game Dev\Games Creation\RPG-Game\Library\PackageCache\com.unity.visualscripting@1.7.8\Editor\VisualScripting.Core\Dependencies\DotNetZip\Unity.VisualScripting.IonicZip.dll
Native extension for WindowsStandalone target not found
Refreshing native plugins compatible for Editor in 0.46 ms, found 3 plugins.
Preloading 0 native plugins for Editor in 0.00 ms.
Mono: successfully reloaded assembly
- Completed reload, in  0.686 seconds
Domain Reload Profiling:
	ReloadAssembly (687ms)
		BeginReloadAssembly (104ms)
			ExecutionOrderSort (0ms)
			DisableScriptedObjects (3ms)
			BackupInstance (0ms)
			ReleaseScriptingObjects (0ms)
			CreateAndSetChildDomain (30ms)
		EndReloadAssembly (520ms)
			LoadAssemblies (59ms)
			RebuildTransferFunctionScriptingTraits (0ms)
			SetupTypeCache (186ms)
			ReleaseScriptCaches (1ms)
			RebuildScriptCaches (26ms)
			SetupLoadedEditorAssemblies (226ms)
				LogAssemblyErrors (0ms)
				InitializePlatformSupportModulesInManaged (9ms)
				SetLoadedEditorAssemblies (0ms)
				RefreshPlugins (1ms)
				BeforeProcessingInitializeOnLoad (45ms)
				ProcessInitializeOnLoadAttributes (145ms)
				ProcessInitializeOnLoadMethodAttributes (22ms)
				AfterProcessingInitializeOnLoad (4ms)
				EditorAssembliesLoaded (0ms)
			ExecutionOrderSort2 (0ms)
			AwakeInstancesAfterBackupRestoration (4ms)
Platform modules already initialized, skipping
Refreshing native plugins compatible for Editor in 2.07 ms, found 3 plugins.
Preloading 0 native plugins for Editor in 0.00 ms.
Unloading 3373 Unused Serialized files (Serialized files now loaded: 0)
Unloading 20 unused Assets / (78.5 KB). Loaded Objects now: 3857.
Memory consumption went from 128.5 MB to 128.4 MB.
Total: 3.053700 ms (FindLiveObjects: 0.289700 ms CreateObjectMapping: 0.117500 ms MarkObjects: 2.565500 ms  DeleteObjects: 0.079900 ms)

AssetImportParameters requested are different than current active one (requested -> active):
  custom:video-decoder-ogg-theora: a1e56fd34408186e4bbccfd4996cb3dc -> 
  custom:container-muxer-webm: aa71ff27fc2769a1b78a27578f13a17b -> 
  custom:container-demuxer-webm: 4f35f7cbe854078d1ac9338744f61a02 -> 
  custom:video-encoder-webm-vp8: eb34c28f22e8b96e1ab97ce403110664 -> 
  custom:video-codec-MediaFoundation-h265: 746d11721c4dcdbdad8f713fa42b33f4 -> 
  custom:audio-encoder-webm-vorbis: bf7c407c2cedff20999df2af8eb42d56 -> 
  custom:framework-win-MediaFoundation: 216162199b28c13a410421893ffa2e32 -> 
  custom:container-demuxer-ogg: 62fdf1f143b41e24485cea50d1cbac27 -> 
  custom:video-decoder-webm-vp8: 9c59270c3fd7afecdb556c50c9e8de78 -> 
  custom:audio-decoder-ogg-vorbis: bf7c407c2cedff20999df2af8eb42d56 -> 
========================================================================
Received Import Request.
  Time since last request: 294931.434705 seconds.
  path: Assets/Asset Packs/Synty - Polygon Student Sample/Prefabs
  artifactKey: Guid(ce2d30dff8c55d34f92a40d3c681e467) Importer(815301076,1909f56bfc062723c751e8b465ee728b)
Start importing Assets/Asset Packs/Synty - Polygon Student Sample/Prefabs using Guid(ce2d30dff8c55d34f92a40d3c681e467) Importer(815301076,1909f56bfc062723c751e8b465ee728b)  -> (artifact id: '48eb616b783354878d7ff73d0deefb6c') in 0.010508 seconds 
========================================================================
Received Import Request.
  Time since last request: 0.058974 seconds.
  path: Assets/Asset Packs/Synty - Polygon Student Sample/Prefabs/Character_Knights_Soldier_01.prefab
  artifactKey: Guid(30cf93deff988e74e88a144bd2127c18) Importer(815301076,1909f56bfc062723c751e8b465ee728b)
Start importing Assets/Asset Packs/Synty - Polygon Student Sample/Prefabs/Character_Knights_Soldier_01.prefab using Guid(30cf93deff988e74e88a144bd2127c18) Importer(815301076,1909f56bfc062723c751e8b465ee728b)  -> (artifact id: 'f25f60761306571bfb398f11dc802486') in 0.159620 seconds 
========================================================================
Received Import Request.
  Time since last request: 0.000022 seconds.
  path: Assets/Asset Packs/Synty - Polygon Student Sample/Prefabs/SM_Env_Grass_01.prefab
  artifactKey: Guid(9ad607532c614c54ebd43e913aaf8857) Importer(815301076,1909f56bfc062723c751e8b465ee728b)
Start importing Assets/Asset Packs/Synty - Polygon Student Sample/Prefabs/SM_Env_Grass_01.prefab using Guid(9ad607532c614c54ebd43e913aaf8857) Importer(815301076,1909f56bfc062723c751e8b465ee728b)  -> (artifact id: '033b4c8c6d94e8627ce1521c1155570b') in 0.015089 seconds 
========================================================================
Received Import Request.
  Time since last request: 0.000025 seconds.
  path: Assets/Asset Packs/Synty - Polygon Student Sample/Prefabs/SM_Env_Bush_01.prefab
  artifactKey: Guid(f7e91e1d54c5ad64f8125310343f0d30) Importer(815301076,1909f56bfc062723c751e8b465ee728b)
Start importing Assets/Asset Packs/Synty - Polygon Student Sample/Prefabs/SM_Env_Bush_01.prefab using Guid(f7e91e1d54c5ad64f8125310343f0d30) Importer(815301076,1909f56bfc062723c751e8b465ee728b)  -> (artifact id: 'db59cc67f83877abccb19ed033f75922') in 0.023425 seconds 
========================================================================
Received Import Request.
  Time since last request: 0.000022 seconds.
  path: Assets/Asset Packs/Synty - Polygon Student Sample/Prefabs/SM_Bld_House_Base_01.prefab
  artifactKey: Guid(8b17dbd29b0c2474d958f6a2aa5d3aa2) Importer(815301076,1909f56bfc062723c751e8b465ee728b)
Start importing Assets/Asset Packs/Synty - Polygon Student Sample/Prefabs/SM_Bld_House_Base_01.prefab using Guid(8b17dbd29b0c2474d958f6a2aa5d3aa2) Importer(815301076,1909f56bfc062723c751e8b465ee728b)  -> (artifact id: 'dfaf0b71839143dd5eed0d7a6dae2ca5') in 0.012738 seconds 
========================================================================
Received Import Request.
  Time since last request: 0.000027 seconds.
  path: Assets/Asset Packs/Synty - Polygon Student Sample/Prefabs/SM_Prop_Pumpkin_01.prefab
  artifactKey: Guid(626f1b816ba1ee64a9f7cea6ceb529cd) Importer(815301076,1909f56bfc062723c751e8b465ee728b)
Start importing Assets/Asset Packs/Synty - Polygon Student Sample/Prefabs/SM_Prop_Pumpkin_01.prefab using Guid(626f1b816ba1ee64a9f7cea6ceb529cd) Importer(815301076,1909f56bfc062723c751e8b465ee728b)  -> (artifact id: '0751fcc5f83a8e66bb5cc0950786aced') in 0.020379 seconds 
========================================================================
Received Import Request.
  Time since last request: 0.000019 seconds.
  path: Assets/Asset Packs/Synty - Polygon Student Sample/Prefabs/SM_Env_Tree_03.prefab
  artifactKey: Guid(653c97bd88b4b084d87714542c43ee5a) Importer(815301076,1909f56bfc062723c751e8b465ee728b)
Start importing Assets/Asset Packs/Synty - Polygon Student Sample/Prefabs/SM_Env_Tree_03.prefab using Guid(653c97bd88b4b084d87714542c43ee5a) Importer(815301076,1909f56bfc062723c751e8b465ee728b)  -> (artifact id: '1bf8bfb1574b878700d583d54fc6e74f') in 0.022762 seconds 
========================================================================
Received Import Request.
  Time since last request: 0.000022 seconds.
  path: Assets/Asset Packs/Synty - Polygon Student Sample/Prefabs/SM_Env_Water.prefab
  artifactKey: Guid(fb4e0b01a8eccf24c9e5ca4c30a9b2be) Importer(815301076,1909f56bfc062723c751e8b465ee728b)
Start importing Assets/Asset Packs/Synty - Polygon Student Sample/Prefabs/SM_Env_Water.prefab using Guid(fb4e0b01a8eccf24c9e5ca4c30a9b2be) Importer(815301076,1909f56bfc062723c751e8b465ee728b)  -> (artifact id: 'b25b8b15edbcdd6e1ef5e8a3bba72fe8') in 0.275041 seconds 
========================================================================
Received Import Request.
  Time since last request: 23.078939 seconds.
  path: Assets/Asset Packs/Synty - Polygon Student Sample/Prefabs/Rock layer.terrainlayer
  artifactKey: Guid(2a6051c9ff7560a44b0e7fb3478f88fd) Importer(815301076,1909f56bfc062723c751e8b465ee728b)
Start importing Assets/Asset Packs/Synty - Polygon Student Sample/Prefabs/Rock layer.terrainlayer using Guid(2a6051c9ff7560a44b0e7fb3478f88fd) Importer(815301076,1909f56bfc062723c751e8b465ee728b)  -> (artifact id: '6bee1b5f37e649e5dfd9ac2971e492ab') in 0.017129 seconds 
========================================================================
Received Import Request.
  Time since last request: 13.889150 seconds.
  path: Assets/Asset Packs/Synty - Polygon Student Sample/Prefabs/Rock sand layer.terrainlayer
  artifactKey: Guid(42456125f382039459223a150ca5ffd4) Importer(815301076,1909f56bfc062723c751e8b465ee728b)
Start importing Assets/Asset Packs/Synty - Polygon Student Sample/Prefabs/Rock sand layer.terrainlayer using Guid(42456125f382039459223a150ca5ffd4) Importer(815301076,1909f56bfc062723c751e8b465ee728b)  -> (artifact id: '86729f4a25b5bd0fdb622010c9a41baa') in 0.015516 seconds 
========================================================================
Received Import Request.
  Time since last request: 10.022214 seconds.
  path: Assets/Asset Packs/Synty - Polygon Student Sample/Prefabs/snow layer.terrainlayer
  artifactKey: Guid(a080ebf159eadf8409aa758914c5e025) Importer(815301076,1909f56bfc062723c751e8b465ee728b)
Start importing Assets/Asset Packs/Synty - Polygon Student Sample/Prefabs/snow layer.terrainlayer using Guid(a080ebf159eadf8409aa758914c5e025) Importer(815301076,1909f56bfc062723c751e8b465ee728b)  -> (artifact id: 'cfa37c39b872f40d211b3a6255676e6c') in 0.014050 seconds 
========================================================================
Received Import Request.
  Time since last request: 7.668484 seconds.
  path: Assets/Asset Packs/Synty - Polygon Student Sample/Prefabs/mud layer.terrainlayer
  artifactKey: Guid(6b7959574727d664a85515863eea19fe) Importer(815301076,1909f56bfc062723c751e8b465ee728b)
Start importing Assets/Asset Packs/Synty - Polygon Student Sample/Prefabs/mud layer.terrainlayer using Guid(6b7959574727d664a85515863eea19fe) Importer(815301076,1909f56bfc062723c751e8b465ee728b)  -> (artifact id: 'a83eb44ccfb29e17e4555486e73e3e15') in 0.009583 seconds 
========================================================================
Received Import Request.
  Time since last request: 14.416401 seconds.
  path: Assets/Asset Packs/Synty - Polygon Student Sample/Prefabs/light green grass layer.terrainlayer
  artifactKey: Guid(25f166ae34a87cd4781ba7aec6f19f98) Importer(815301076,1909f56bfc062723c751e8b465ee728b)
Start importing Assets/Asset Packs/Synty - Polygon Student Sample/Prefabs/light green grass layer.terrainlayer using Guid(25f166ae34a87cd4781ba7aec6f19f98) Importer(815301076,1909f56bfc062723c751e8b465ee728b)  -> (artifact id: '15c13ff825e4dadc8d6209738dfcddd7') in 0.009152 seconds 
========================================================================
Received Import Request.
  Time since last request: 21.338036 seconds.
  path: Assets/Asset Packs/Synty - Polygon Student Sample/Textures/Characters_Texture_Black.png
  artifactKey: Guid(e842427a572cdcb439fe256d0de3e8d6) Importer(815301076,1909f56bfc062723c751e8b465ee728b)
Start importing Assets/Asset Packs/Synty - Polygon Student Sample/Textures/Characters_Texture_Black.png using Guid(e842427a572cdcb439fe256d0de3e8d6) Importer(815301076,1909f56bfc062723c751e8b465ee728b)  -> (artifact id: 'b38983393fa7585d53715ac803a9ce34') in 0.032098 seconds 
========================================================================
Received Import Request.
  Time since last request: 0.000024 seconds.
  path: Assets/Asset Packs/Synty - Polygon Student Sample/Textures/Characters_Texture_Orange.png
  artifactKey: Guid(d7eabf4cd0cdfe448be3b905cd731d4f) Importer(815301076,1909f56bfc062723c751e8b465ee728b)
Start importing Assets/Asset Packs/Synty - Polygon Student Sample/Textures/Characters_Texture_Orange.png using Guid(d7eabf4cd0cdfe448be3b905cd731d4f) Importer(815301076,1909f56bfc062723c751e8b465ee728b)  -> (artifact id: '289fb24245fbc87a94e8883b15c9304b') in 0.011884 seconds 
========================================================================
Received Import Request.
  Time since last request: 0.000023 seconds.
  path: Assets/Asset Packs/Synty - Polygon Student Sample/Textures/PolyAdventureTexture_01.png
  artifactKey: Guid(b8f889a91be35174bbbb38d1057b6493) Importer(815301076,1909f56bfc062723c751e8b465ee728b)
Start importing Assets/Asset Packs/Synty - Polygon Student Sample/Textures/PolyAdventureTexture_01.png using Guid(b8f889a91be35174bbbb38d1057b6493) Importer(815301076,1909f56bfc062723c751e8b465ee728b)  -> (artifact id: '49f6453c6d843f5bf20041d0eb698511') in 0.009281 seconds 
========================================================================
Received Import Request.
  Time since last request: 0.000013 seconds.
  path: Assets/Asset Packs/Synty - Polygon Student Sample/Textures/Characters_Texture_Red.png
  artifactKey: Guid(881cde1dc105a5744b78cf3bf14f25cc) Importer(815301076,1909f56bfc062723c751e8b465ee728b)
Start importing Assets/Asset Packs/Synty - Polygon Student Sample/Textures/Characters_Texture_Red.png using Guid(881cde1dc105a5744b78cf3bf14f25cc) Importer(815301076,1909f56bfc062723c751e8b465ee728b)  -> (artifact id: '9fb5333496b32acae29cb4b51dfe2117') in 0.012993 seconds 
========================================================================
Received Import Request.
  Time since last request: 0.000019 seconds.
  path: Assets/Asset Packs/Synty - Polygon Student Sample/Textures/Texture_01_Vikings.png
  artifactKey: Guid(0e16611dc4905bc40b3602e5077d5d94) Importer(815301076,1909f56bfc062723c751e8b465ee728b)
Start importing Assets/Asset Packs/Synty - Polygon Student Sample/Textures/Texture_01_Vikings.png using Guid(0e16611dc4905bc40b3602e5077d5d94) Importer(815301076,1909f56bfc062723c751e8b465ee728b)  -> (artifact id: '1662751b23c5e7225bcfd054378a7823') in 0.010045 seconds 
Editor requested this worker to shutdown with reason: Scaling down because of idle timeout
AssetImportWorker is now disconnected from the server
Process exiting
Exiting without the bug reporter. Application will terminate with return code 0