Using pre-set license
Built from '2021.3/staging' branch; Version is '2021.3.8f1 (b30333d56e81) revision 11731763'; Using compiler version '192829333'; Build Type 'Release'
OS: 'Windows 11  (10.0.22000) 64bit CoreSingleLanguage' Language: 'en' Physical Memory: 16004 MB
BatchMode: 1, IsHumanControllingUs: 0, StartBugReporterOnCrash: 0, Is64bit: 1, IsPro: 1

COMMAND LINE ARGUMENTS:
C:\Program Files\Unity\Hub\Editor\2021.3.8f1\Editor\Unity.exe
-adb2
-batchMode
-noUpm
-name
AssetImportWorker4
-projectPath
D:/#Game Dev/Games Creation/RPG Game/RPG Game
-logFile
Logs/AssetImportWorker4.log
-srvPort
62479
Successfully changed project path to: D:/#Game Dev/Games Creation/RPG Game/RPG Game
D:/#Game Dev/Games Creation/RPG Game/RPG Game
[UnityMemory] Configuration Parameters - Can be set up in boot.config
    "memorysetup-bucket-allocator-granularity=16"
    "memorysetup-bucket-allocator-bucket-count=8"
    "memorysetup-bucket-allocator-block-size=33554432"
    "memorysetup-bucket-allocator-block-count=8"
    "memorysetup-main-allocator-block-size=16777216"
    "memorysetup-thread-allocator-block-size=16777216"
    "memorysetup-gfx-main-allocator-block-size=16777216"
    "memorysetup-gfx-thread-allocator-block-size=16777216"
    "memorysetup-cache-allocator-block-size=4194304"
    "memorysetup-typetree-allocator-block-size=2097152"
    "memorysetup-profiler-bucket-allocator-granularity=16"
    "memorysetup-profiler-bucket-allocator-bucket-count=8"
    "memorysetup-profiler-bucket-allocator-block-size=33554432"
    "memorysetup-profiler-bucket-allocator-block-count=8"
    "memorysetup-profiler-allocator-block-size=16777216"
    "memorysetup-profiler-editor-allocator-block-size=1048576"
    "memorysetup-temp-allocator-size-main=16777216"
    "memorysetup-job-temp-allocator-block-size=2097152"
    "memorysetup-job-temp-allocator-block-size-background=1048576"
    "memorysetup-job-temp-allocator-reduction-small-platforms=262144"
    "memorysetup-temp-allocator-size-background-worker=32768"
    "memorysetup-temp-allocator-size-job-worker=262144"
    "memorysetup-temp-allocator-size-preload-manager=33554432"
    "memorysetup-temp-allocator-size-nav-mesh-worker=65536"
    "memorysetup-temp-allocator-size-audio-worker=65536"
    "memorysetup-temp-allocator-size-cloud-worker=32768"
    "memorysetup-temp-allocator-size-gi-baking-worker=262144"
    "memorysetup-temp-allocator-size-gfx=262144"
Refreshing native plugins compatible for Editor in 61.87 ms, found 3 plugins.
Preloading 0 native plugins for Editor in 0.00 ms.
Initialize engine version: 2021.3.8f1 (b30333d56e81)
[Subsystems] Discovering subsystems at path C:/Program Files/Unity/Hub/Editor/2021.3.8f1/Editor/Data/Resources/UnitySubsystems
[Subsystems] Discovering subsystems at path D:/#Game Dev/Games Creation/RPG Game/RPG Game/Assets
GfxDevice: creating device client; threaded=0; jobified=0
Direct3D:
    Version:  Direct3D 11.0 [level 11.1]
    Renderer: NVIDIA GeForce RTX 3060 Laptop GPU (ID=0x2520)
    Vendor:   NVIDIA
    VRAM:     6023 MB
    Driver:   31.0.15.1694
Initialize mono
Mono path[0] = 'C:/Program Files/Unity/Hub/Editor/2021.3.8f1/Editor/Data/Managed'
Mono path[1] = 'C:/Program Files/Unity/Hub/Editor/2021.3.8f1/Editor/Data/MonoBleedingEdge/lib/mono/unityjit-win32'
Mono config path = 'C:/Program Files/Unity/Hub/Editor/2021.3.8f1/Editor/Data/MonoBleedingEdge/etc'
Using monoOptions --debugger-agent=transport=dt_socket,embedding=1,server=y,suspend=n,address=127.0.0.1:56648
Begin MonoManager ReloadAssembly
Registering precompiled unity dll's ...
Register platform support module: C:/Program Files/Unity/Hub/Editor/2021.3.8f1/Editor/Data/PlaybackEngines/WindowsStandaloneSupport/UnityEditor.WindowsStandalone.Extensions.dll
Registered in 0.002491 seconds.
Native extension for WindowsStandalone target not found
Refreshing native plugins compatible for Editor in 52.64 ms, found 3 plugins.
Preloading 0 native plugins for Editor in 0.00 ms.
Mono: successfully reloaded assembly
- Completed reload, in  0.421 seconds
Domain Reload Profiling:
	ReloadAssembly (422ms)
		BeginReloadAssembly (51ms)
			ExecutionOrderSort (0ms)
			DisableScriptedObjects (0ms)
			BackupInstance (0ms)
			ReleaseScriptingObjects (0ms)
			CreateAndSetChildDomain (1ms)
		EndReloadAssembly (298ms)
			LoadAssemblies (50ms)
			RebuildTransferFunctionScriptingTraits (0ms)
			SetupTypeCache (72ms)
			ReleaseScriptCaches (0ms)
			RebuildScriptCaches (23ms)
			SetupLoadedEditorAssemblies (167ms)
				LogAssemblyErrors (0ms)
				InitializePlatformSupportModulesInManaged (6ms)
				SetLoadedEditorAssemblies (0ms)
				RefreshPlugins (53ms)
				BeforeProcessingInitializeOnLoad (1ms)
				ProcessInitializeOnLoadAttributes (79ms)
				ProcessInitializeOnLoadMethodAttributes (29ms)
				AfterProcessingInitializeOnLoad (0ms)
				EditorAssembliesLoaded (0ms)
			ExecutionOrderSort2 (0ms)
			AwakeInstancesAfterBackupRestoration (0ms)
Platform modules already initialized, skipping
Registering precompiled user dll's ...
Registered in 0.002149 seconds.
Begin MonoManager ReloadAssembly
Symbol file LoadedFromMemory doesn't match image D:\#Game Dev\Games Creation\RPG Game\RPG Game\Library\PackageCache\com.unity.visualscripting@1.7.8\Editor\VisualScripting.Core\Dependencies\YamlDotNet\Unity.VisualScripting.YamlDotNet.dll
Symbol file LoadedFromMemory doesn't match image D:\#Game Dev\Games Creation\RPG Game\RPG Game\Library\PackageCache\com.unity.visualscripting@1.7.8\Editor\VisualScripting.Core\Dependencies\DotNetZip\Unity.VisualScripting.IonicZip.dll
Native extension for WindowsStandalone target not found
Refreshing native plugins compatible for Editor in 0.41 ms, found 3 plugins.
Preloading 0 native plugins for Editor in 0.00 ms.
Mono: successfully reloaded assembly
- Completed reload, in  0.672 seconds
Domain Reload Profiling:
	ReloadAssembly (673ms)
		BeginReloadAssembly (77ms)
			ExecutionOrderSort (0ms)
			DisableScriptedObjects (4ms)
			BackupInstance (0ms)
			ReleaseScriptingObjects (0ms)
			CreateAndSetChildDomain (12ms)
		EndReloadAssembly (524ms)
			LoadAssemblies (53ms)
			RebuildTransferFunctionScriptingTraits (0ms)
			SetupTypeCache (173ms)
			ReleaseScriptCaches (0ms)
			RebuildScriptCaches (34ms)
			SetupLoadedEditorAssemblies (236ms)
				LogAssemblyErrors (0ms)
				InitializePlatformSupportModulesInManaged (4ms)
				SetLoadedEditorAssemblies (0ms)
				RefreshPlugins (0ms)
				BeforeProcessingInitializeOnLoad (57ms)
				ProcessInitializeOnLoadAttributes (151ms)
				ProcessInitializeOnLoadMethodAttributes (21ms)
				AfterProcessingInitializeOnLoad (3ms)
				EditorAssembliesLoaded (0ms)
			ExecutionOrderSort2 (0ms)
			AwakeInstancesAfterBackupRestoration (4ms)
Platform modules already initialized, skipping
========================================================================
Worker process is ready to serve import requests
Launched and connected shader compiler UnityShaderCompiler.exe after 0.05 seconds
Refreshing native plugins compatible for Editor in 0.46 ms, found 3 plugins.
Preloading 0 native plugins for Editor in 0.00 ms.
Unloading 3377 Unused Serialized files (Serialized files now loaded: 0)
Unloading 27 unused Assets / (111.3 KB). Loaded Objects now: 3853.
Memory consumption went from 128.5 MB to 128.4 MB.
Total: 2.755600 ms (FindLiveObjects: 0.265500 ms CreateObjectMapping: 0.086800 ms MarkObjects: 2.326100 ms  DeleteObjects: 0.076200 ms)

AssetImportParameters requested are different than current active one (requested -> active):
  custom:video-decoder-ogg-theora: a1e56fd34408186e4bbccfd4996cb3dc -> 
  custom:container-muxer-webm: aa71ff27fc2769a1b78a27578f13a17b -> 
  custom:container-demuxer-webm: 4f35f7cbe854078d1ac9338744f61a02 -> 
  custom:video-encoder-webm-vp8: eb34c28f22e8b96e1ab97ce403110664 -> 
  custom:video-codec-MediaFoundation-h265: 746d11721c4dcdbdad8f713fa42b33f4 -> 
  custom:audio-encoder-webm-vorbis: bf7c407c2cedff20999df2af8eb42d56 -> 
  custom:framework-win-MediaFoundation: 216162199b28c13a410421893ffa2e32 -> 
  custom:container-demuxer-ogg: 62fdf1f143b41e24485cea50d1cbac27 -> 
  custom:video-decoder-webm-vp8: 9c59270c3fd7afecdb556c50c9e8de78 -> 
  custom:audio-decoder-ogg-vorbis: bf7c407c2cedff20999df2af8eb42d56 -> 
========================================================================
Received Import Request.
  Time since last request: 473795.286837 seconds.
  path: Assets/Asset Packs/Synty - Polygon Student Sample/Textures
  artifactKey: Guid(69f0c89bdffd4d046a658488a10c71a9) Importer(815301076,1909f56bfc062723c751e8b465ee728b)
Start importing Assets/Asset Packs/Synty - Polygon Student Sample/Textures using Guid(69f0c89bdffd4d046a658488a10c71a9) Importer(815301076,1909f56bfc062723c751e8b465ee728b)  -> (artifact id: '801fbc2d3006009e193386545c2e415b') in 0.008699 seconds 
========================================================================
Received Import Request.
  Time since last request: 0.339488 seconds.
  path: Assets/Asset Packs/Synty - Polygon Student Sample/Prefabs
  artifactKey: Guid(ce2d30dff8c55d34f92a40d3c681e467) Importer(815301076,1909f56bfc062723c751e8b465ee728b)
Start importing Assets/Asset Packs/Synty - Polygon Student Sample/Prefabs using Guid(ce2d30dff8c55d34f92a40d3c681e467) Importer(815301076,1909f56bfc062723c751e8b465ee728b)  -> (artifact id: 'e14cb4b2e6cc50a3ccb8eeeed837c2ea') in 0.004677 seconds 
========================================================================
Received Import Request.
  Time since last request: 0.104563 seconds.
  path: Assets/Asset Packs/Synty - Polygon Student Sample/Prefabs/SM_Bld_Hut_01.prefab
  artifactKey: Guid(5a346deceb21d0c4781e67a70fbcc1f6) Importer(815301076,1909f56bfc062723c751e8b465ee728b)
Start importing Assets/Asset Packs/Synty - Polygon Student Sample/Prefabs/SM_Bld_Hut_01.prefab using Guid(5a346deceb21d0c4781e67a70fbcc1f6) Importer(815301076,1909f56bfc062723c751e8b465ee728b)  -> (artifact id: '5b72a3e2271acfa53233e6b3e2c7a523') in 0.089943 seconds 
========================================================================
Received Import Request.
  Time since last request: 670.605009 seconds.
  path: Assets/Asset Packs/Synty - Polygon Student Sample/Prefabs/NewBrush.brush
  artifactKey: Guid(2ddb394f25ed42549be8470cb45726a3) Importer(815301076,1909f56bfc062723c751e8b465ee728b)
Start importing Assets/Asset Packs/Synty - Polygon Student Sample/Prefabs/NewBrush.brush using Guid(2ddb394f25ed42549be8470cb45726a3) Importer(815301076,1909f56bfc062723c751e8b465ee728b)  -> (artifact id: 'e7803b995080e1807b580b14117a2740') in 0.019985 seconds 
========================================================================
Received Import Request.
  Time since last request: 19.710885 seconds.
  path: Assets/Asset Packs/Synty - Polygon Student Sample/Prefabs/NewBrush 1.brush
  artifactKey: Guid(b2363e0328e6dbb4d88dc6074ed88651) Importer(815301076,1909f56bfc062723c751e8b465ee728b)
Start importing Assets/Asset Packs/Synty - Polygon Student Sample/Prefabs/NewBrush 1.brush using Guid(b2363e0328e6dbb4d88dc6074ed88651) Importer(815301076,1909f56bfc062723c751e8b465ee728b)  -> (artifact id: '090ec95e3e67b617ae7c6c2944c4aad8') in 0.008717 seconds 
========================================================================
Received Import Request.
  Time since last request: 42.550635 seconds.
  path: Assets/Asset Packs/Synty - Polygon Student Sample/Prefabs/NewBrush 2.brush
  artifactKey: Guid(b9b0ed060dd28714f83beea9f4a04461) Importer(815301076,1909f56bfc062723c751e8b465ee728b)
Start importing Assets/Asset Packs/Synty - Polygon Student Sample/Prefabs/NewBrush 2.brush using Guid(b9b0ed060dd28714f83beea9f4a04461) Importer(815301076,1909f56bfc062723c751e8b465ee728b)  -> (artifact id: '68ee849f564eea2ded25e8670cdf7450') in 0.010457 seconds 
========================================================================
Received Import Request.
  Time since last request: 386.522261 seconds.
  path: Assets/Asset Packs/Synty - Polygon Student Sample/Prefabs/NewLayer 2.terrainlayer
  artifactKey: Guid(42456125f382039459223a150ca5ffd4) Importer(815301076,1909f56bfc062723c751e8b465ee728b)
Start importing Assets/Asset Packs/Synty - Polygon Student Sample/Prefabs/NewLayer 2.terrainlayer using Guid(42456125f382039459223a150ca5ffd4) Importer(815301076,1909f56bfc062723c751e8b465ee728b)  -> (artifact id: '9f6c7bafdc58a49dbc59fd86b1702695') in 0.017455 seconds 
========================================================================
Received Import Request.
  Time since last request: 0.000025 seconds.
  path: Assets/Asset Packs/Synty - Polygon Student Sample/Prefabs/NewLayer.terrainlayer
  artifactKey: Guid(25f166ae34a87cd4781ba7aec6f19f98) Importer(815301076,1909f56bfc062723c751e8b465ee728b)
Start importing Assets/Asset Packs/Synty - Polygon Student Sample/Prefabs/NewLayer.terrainlayer using Guid(25f166ae34a87cd4781ba7aec6f19f98) Importer(815301076,1909f56bfc062723c751e8b465ee728b)  -> (artifact id: '7b3cf3d4cde439652e4ebcb90416095e') in 0.009572 seconds 
========================================================================
Received Import Request.
  Time since last request: 0.000023 seconds.
  path: Assets/Asset Packs/Synty - Polygon Student Sample/Prefabs/NewLayer 4.terrainlayer
  artifactKey: Guid(6b7959574727d664a85515863eea19fe) Importer(815301076,1909f56bfc062723c751e8b465ee728b)
Start importing Assets/Asset Packs/Synty - Polygon Student Sample/Prefabs/NewLayer 4.terrainlayer using Guid(6b7959574727d664a85515863eea19fe) Importer(815301076,1909f56bfc062723c751e8b465ee728b)  -> (artifact id: '8aa35b17805b722b96b626ac2212101d') in 0.009854 seconds 
